CRITICAL - 2025-01-01 06:15:22 --> ParseError: syntax error, unexpected token ")"
[Method: GET, Route: /]
in APPPATH\Views\templates\header.php on line 97.
 1 SYSTEMPATH\View\View.php(237): CodeIgniter\View\View->CodeIgniter\View\{closure}()
 2 SYSTEMPATH\Common.php(1171): CodeIgniter\View\View->render('templates/header', [], true)
 3 APPPATH\Controllers\Home.php(24): view('templates/header', [...])
 4 SYSTEMPATH\CodeIgniter.php(933): App\Controllers\Home->index()
 5 SYSTEMPATH\CodeIgniter.php(509): CodeIgniter\CodeIgniter->runController(Object(App\Controllers\Home))
 6 SYSTEMPATH\CodeIgniter.php(355): CodeIgniter\CodeIgniter->handleRequest(null, Object(Config\Cache), false)
 7 SYSTEMPATH\Boot.php(325): CodeIgniter\CodeIgniter->run()
 8 SYSTEMPATH\Boot.php(67): CodeIgniter\Boot::runCodeIgniter(Object(CodeIgniter\CodeIgniter))
 9 FCPATH\index.php(56): CodeIgniter\Boot::bootWeb(Object(Config\Paths))
CRITICAL - 2025-01-01 06:17:07 --> Error: Undefined constant "id"
[Method: GET, Route: /]
in APPPATH\Views\templates\header.php on line 97.
 1 SYSTEMPATH\View\View.php(234): include()
 2 SYSTEMPATH\View\View.php(237): CodeIgniter\View\View->CodeIgniter\View\{closure}()
 3 SYSTEMPATH\Common.php(1171): CodeIgniter\View\View->render('templates/header', [], true)
 4 APPPATH\Controllers\Home.php(24): view('templates/header', [...])
 5 SYSTEMPATH\CodeIgniter.php(933): App\Controllers\Home->index()
 6 SYSTEMPATH\CodeIgniter.php(509): CodeIgniter\CodeIgniter->runController(Object(App\Controllers\Home))
 7 SYSTEMPATH\CodeIgniter.php(355): CodeIgniter\CodeIgniter->handleRequest(null, Object(Config\Cache), false)
 8 SYSTEMPATH\Boot.php(325): CodeIgniter\CodeIgniter->run()
 9 SYSTEMPATH\Boot.php(67): CodeIgniter\Boot::runCodeIgniter(Object(CodeIgniter\CodeIgniter))
10 FCPATH\index.php(56): CodeIgniter\Boot::bootWeb(Object(Config\Paths))
CRITICAL - 2025-01-01 06:26:27 --> ErrorException: Undefined variable $company_details
[Method: GET, Route: furniture/2]
in APPPATH\Views\templates\header.php on line 51.
 1 APPPATH\Views\templates\header.php(51): CodeIgniter\Debug\Exceptions->errorHandler(2, 'Undefined variable $company_details', 'C:\\wamp64\\www\\e_renterprise\\app\\Views\\templates\\header.php', 51)
 2 SYSTEMPATH\View\View.php(234): include('C:\\wamp64\\www\\e_renterprise\\app\\Views\\templates\\header.php')
 3 SYSTEMPATH\View\View.php(237): CodeIgniter\View\View->CodeIgniter\View\{closure}()
 4 SYSTEMPATH\Common.php(1171): CodeIgniter\View\View->render('templates/header', [], true)
 5 APPPATH\Controllers\Home.php(73): view('templates/header')
 6 SYSTEMPATH\CodeIgniter.php(933): App\Controllers\Home->furniture_category('2')
 7 SYSTEMPATH\CodeIgniter.php(509): CodeIgniter\CodeIgniter->runController(Object(App\Controllers\Home))
 8 SYSTEMPATH\CodeIgniter.php(355): CodeIgniter\CodeIgniter->handleRequest(null, Object(Config\Cache), false)
 9 SYSTEMPATH\Boot.php(325): CodeIgniter\CodeIgniter->run()
10 SYSTEMPATH\Boot.php(67): CodeIgniter\Boot::runCodeIgniter(Object(CodeIgniter\CodeIgniter))
11 FCPATH\index.php(56): CodeIgniter\Boot::bootWeb(Object(Config\Paths))
CRITICAL - 2025-01-01 06:26:41 --> ErrorException: Undefined variable $company_details
[Method: GET, Route: furniture/2]
in APPPATH\Views\templates\header.php on line 51.
 1 APPPATH\Views\templates\header.php(51): CodeIgniter\Debug\Exceptions->errorHandler(2, 'Undefined variable $company_details', 'C:\\wamp64\\www\\e_renterprise\\app\\Views\\templates\\header.php', 51)
 2 SYSTEMPATH\View\View.php(234): include('C:\\wamp64\\www\\e_renterprise\\app\\Views\\templates\\header.php')
 3 SYSTEMPATH\View\View.php(237): CodeIgniter\View\View->CodeIgniter\View\{closure}()
 4 SYSTEMPATH\Common.php(1171): CodeIgniter\View\View->render('templates/header', [], true)
 5 APPPATH\Controllers\Home.php(73): view('templates/header')
 6 SYSTEMPATH\CodeIgniter.php(933): App\Controllers\Home->furniture_category('2')
 7 SYSTEMPATH\CodeIgniter.php(509): CodeIgniter\CodeIgniter->runController(Object(App\Controllers\Home))
 8 SYSTEMPATH\CodeIgniter.php(355): CodeIgniter\CodeIgniter->handleRequest(null, Object(Config\Cache), false)
 9 SYSTEMPATH\Boot.php(325): CodeIgniter\CodeIgniter->run()
10 SYSTEMPATH\Boot.php(67): CodeIgniter\Boot::runCodeIgniter(Object(CodeIgniter\CodeIgniter))
11 FCPATH\index.php(56): CodeIgniter\Boot::bootWeb(Object(Config\Paths))
