CRITICAL - 2024-12-29 19:52:58 --> ErrorException: Undefined variable $menu_modal
[Method: GET, Route: /]
in APPPATH\Views\templates\header.php on line 87.
 1 APPPATH\Views\templates\header.php(87): CodeIgniter\Debug\Exceptions->errorHandler(2, 'Undefined variable $menu_modal', 'C:\\wamp64\\www\\e_renterprise\\app\\Views\\templates\\header.php', 87)
 2 SYSTEMPATH\View\View.php(234): include('C:\\wamp64\\www\\e_renterprise\\app\\Views\\templates\\header.php')
 3 SYSTEMPATH\View\View.php(237): CodeIgniter\View\View->CodeIgniter\View\{closure}()
 4 SYSTEMPATH\Common.php(1171): CodeIgniter\View\View->render('templates/header', [], true)
 5 APPPATH\Controllers\Home.php(24): view('templates/header', [...])
 6 SYSTEMPATH\CodeIgniter.php(933): App\Controllers\Home->index()
 7 SYSTEMPATH\CodeIgniter.php(509): CodeIgniter\CodeIgniter->runController(Object(App\Controllers\Home))
 8 SYSTEMPATH\CodeIgniter.php(355): CodeIgniter\CodeIgniter->handleRequest(null, Object(Config\Cache), false)
 9 SYSTEMPATH\Boot.php(325): CodeIgniter\CodeIgniter->run()
10 SYSTEMPATH\Boot.php(67): CodeIgniter\Boot::runCodeIgniter(Object(CodeIgniter\CodeIgniter))
11 FCPATH\index.php(56): CodeIgniter\Boot::bootWeb(Object(Config\Paths))
CRITICAL - 2024-12-29 19:58:08 --> ErrorException: Undefined variable $menu_modal
[Method: GET, Route: /]
in APPPATH\Views\templates\header.php on line 87.
 1 APPPATH\Views\templates\header.php(87): CodeIgniter\Debug\Exceptions->errorHandler(2, 'Undefined variable $menu_modal', 'C:\\wamp64\\www\\e_renterprise\\app\\Views\\templates\\header.php', 87)
 2 SYSTEMPATH\View\View.php(234): include('C:\\wamp64\\www\\e_renterprise\\app\\Views\\templates\\header.php')
 3 SYSTEMPATH\View\View.php(237): CodeIgniter\View\View->CodeIgniter\View\{closure}()
 4 SYSTEMPATH\Common.php(1171): CodeIgniter\View\View->render('templates/header', [], true)
 5 APPPATH\Controllers\Home.php(24): view('templates/header', [...])
 6 SYSTEMPATH\CodeIgniter.php(933): App\Controllers\Home->index()
 7 SYSTEMPATH\CodeIgniter.php(509): CodeIgniter\CodeIgniter->runController(Object(App\Controllers\Home))
 8 SYSTEMPATH\CodeIgniter.php(355): CodeIgniter\CodeIgniter->handleRequest(null, Object(Config\Cache), false)
 9 SYSTEMPATH\Boot.php(325): CodeIgniter\CodeIgniter->run()
10 SYSTEMPATH\Boot.php(67): CodeIgniter\Boot::runCodeIgniter(Object(CodeIgniter\CodeIgniter))
11 FCPATH\index.php(56): CodeIgniter\Boot::bootWeb(Object(Config\Paths))
